Sample12AS/app/build/intermediates/manifest_merge_blame_file/debug/manifest-merger-blame-debug-report.txt
1<?xml version="1.0" encoding="utf-8"?>
2<manifest xmlns:android="http://schemas.android.com/apk/res/android"
3    package="com.sccarbone.sample12"
4    android:versionCode="1"
5    android:versionName="1.0" >
6
7    <uses-sdk
8        android:minSdkVersion="30"
8-->src\main\AndroidManifest.xml
9        android:targetSdkVersion="31" />
9-->src\main\AndroidManifest.xml
10
11    <uses-permission android:name="android.permission.READ_EXTERNAL_STORAGE" />
11-->src\main\AndroidManifest.xml:4:5-80
11-->src\main\AndroidManifest.xml:4:22-77
12    <uses-permission android:name="android.permission.WRITE_EXTERNAL_STORAGE" />
12-->src\main\AndroidManifest.xml:5:5-81
12-->src\main\AndroidManifest.xml:5:22-78
13
14    <application
14-->src\main\AndroidManifest.xml:6:5-28:19
15        android:allowBackup="true"
15-->src\main\AndroidManifest.xml:11:9-35
16        android:debuggable="true"
17        android:extractNativeLibs="false"
18        android:fullBackupContent="true"
18-->src\main\AndroidManifest.xml:8:9-41
19        android:icon="@drawable/ic_launcher"
19-->src\main\AndroidManifest.xml:7:9-45
20        android:label="@string/app_name"
20-->src\main\AndroidManifest.xml:9:9-41
21        android:testOnly="true"
22        android:theme="@style/AppTheme" >
22-->src\main\AndroidManifest.xml:10:9-40
23        <activity
23-->src\main\AndroidManifest.xml:12:9-20:20
24            android:name="com.sccarbone.sample12.AddressConsole"
24-->src\main\AndroidManifest.xml:13:13-43
25            android:exported="true"
25-->src\main\AndroidManifest.xml:15:13-36
26            android:label="@string/title_activity_address_console" >
26-->src\main\AndroidManifest.xml:14:13-67
27            <intent-filter>
27-->src\main\AndroidManifest.xml:16:13-19:29
28                <action android:name="android.intent.action.MAIN" />
28-->src\main\AndroidManifest.xml:17:17-69
28-->src\main\AndroidManifest.xml:17:25-66
29
30                <category android:name="android.intent.category.LAUNCHER" />
30-->src\main\AndroidManifest.xml:18:17-77
30-->src\main\AndroidManifest.xml:18:27-74
31            </intent-filter>
32        </activity>
33        <activity
33-->src\main\AndroidManifest.xml:21:9-27:20
34            android:name="com.sccarbone.sample12.AddressEntry"
34-->src\main\AndroidManifest.xml:22:13-41
35            android:label="@string/title_activity_address_entry"
35-->src\main\AndroidManifest.xml:23:13-65
36            android:parentActivityName="com.sccarbone.sample12.@string/title_activity_address_console" >
36-->src\main\AndroidManifest.xml:23:66-133
37            <meta-data
37-->src\main\AndroidManifest.xml:24:13-26:73
38                android:name="android.support.PARENT_ACTIVITY"
38-->src\main\AndroidManifest.xml:25:17-63
39                android:value="com.sccarbone.sample12.AddressMessage" />
39-->src\main\AndroidManifest.xml:26:17-70
40        </activity>
41    </application>
42
43</manifest>